\# Program start time UTC 2023.06.22 08:20:07.764
\# Local time Thursday 22 June 2023, 4:20 pm
\o Program:		@(#)$CDS: virtuoso version 6.1.7-64b 11/09/2015 12:45 (sjfnl165) $
\o Hierarchy:		/opt/IC617/tools.lnx86/dfII/
\o Sub version:		sub-version  IC6.1.7-64b.78  (64-bit addresses)
\# Command line:	/opt/IC617/tools.lnx86/dfII/bin/64bit/virtuoso -noautostart -mpssession virtuoso10087 -mpshost work-eda -davinciService DaVinciService_10087_1687422003 -log /home/work/Desktop/git_repositories/analog-and-digital-ic-design/design-practice/logs_work/logs0/Job0.log -licenseLockFileName /home/work/Desktop/git_repositories/analog-and-digital-ic-design/design-practice/.tmp_work/.work-eda_10087 -nograph -nostdin -axlChildIdFlag 0
\# Host name (type):	work-eda (x86_64)
\# Operating system:	Linux 2.6.32-431.el6.x86_64 #1 SMP Sun Nov 10 22:19:54 EST 2013
\# Linux /etc/issue:	Red Hat Enterprise Linux Server release 6.5 (Santiago)
\# Linux /etc/issue:	Kernel \r on an \m
\# X display name (WxH):	work-eda:80 (1024x868)
\# Available geometry:			TL(0:0) BR(1023:867)
\# X server:			RealVNC Ltd (VNC nograph server, PID 10708)
\# Depth of Visual (Root):	16 (16)
\# Number of Planes Used:	16
\# X version:		11.0 (vendor release 3370)
\# X resource pool:	base 0x800000, mask 0x3fffff (4194303), shift 0
\# 			current id 0x0, current max 0x3ffffa (4194298)
\# Max data seg size:	     unlimited
\# Max process size:	     unlimited
\# Initial sbrk value:	        357 MB
\# Available memory:	      6,344 MB
\# System memory:	      7,770 MB
\# Maximum memory size:	      7,493 MB
\# Max mem available:	      6,423 MB
\# Initial memory used:	         80 MB
\#        process size:	        873 MB
\# Qt version:		4.8.5
\# Window Manager:	other
\# User Name:		work
\o Working Directory:	work-eda:/home/work/Desktop/git_repositories/analog-and-digital-ic-design/design-practice
\# Process Id:		10734
\o 
\o COPYRIGHT © 1992-2015  CADENCE DESIGN SYSTEMS INC.  ALL RIGHTS RESERVED.
\o           © 1992-2015  UNIX SYSTEMS Laboratories INC.,
\o                          Reproduced with permission.
\o 
\o This Cadence Design Systems program and online documentation are
\o proprietary/confidential information and may be disclosed/used only
\o as authorized in a license agreement controlling such use and disclosure.
\o 
\o           RESTRICTED RIGHTS NOTICE (SHORT FORM)
\o Use/reproduction/disclosure is subject to restriction
\o set forth at FAR 1252.227-19 or its equivalent.
\o Loading geView.cxt 
\o Loading menuBuilder.cxt 
\o Loading schView.cxt 
\o Loading selectSv.cxt 
\o Loading wireEdit.cxt 
\o Loading pte2.cxt 
\o Loading xlUI.cxt 
\o Loading auCore.cxt 
\o Loading vhdl.cxt 
\o Loading seismic.cxt 
\o Loading ci.cxt 
\o Loading ams.cxt 
\o Loading oasis.cxt 
\o Loading analog.cxt 
\o Loading asimenv.cxt 
\o Loading socket.cxt 
\o Loading dal.cxt 
\o Loading awv.cxt 
\o Loading par.cxt 
\o Loading alvs.cxt 
\o Loading caa.cxt 
\o Loading adexl.cxt 
\o *Info*    Exporting services from client ... 
\o 
\o END OF SITE CUSTOMIZATION
\o //
\o //  Calibre Skill Interface * (v2015.2_36.27) *
\o //
\o //                 Copyright Mentor Graphics Corporation 2005
\o //                             All Rights Reserved.
\o //         THIS WORK CONTAINS TRADE SECRET AND PROPRIETARY INFORMATION
\o //            WHICH IS THE PROPERTY OF MENTOR GRAPHICS CORPORATION
\o //              OR ITS LICENSORS AND IS SUBJECT TO LICENSE TERMS.
\o //
\o //
\# Memory report: using         194 MB, process size 1,120 MB at UTC 2023.06.22 08:20:10.288
\o Loading HSPICE.cxt
\o Loading cdf.cxt 
\o   ==== HSPICE-ADE Interface, K-2015.06-3 BUILD (08/06/2015 18:09:41) ==== 
\o   ==== COPYRIGHT 2008-2023 SYNOPSYS INC.                             ==== 
\o   ==== HSPICE-ADE Interface installed successfully                   ==== 
\o   HSPICE-ADE: use interface at '/opt/synopsys/Hspice-2015.06-3/interface'
\o   HSPICE-ADE: use HSPICE at '/opt/synopsys/Hspice-2015.06-3/hspice/bin/hspice'
\o   HSPICE-ADE: HSPICE Version K-2015.06-3 linux64 (build id: 3630644)
\o *Info*    Client has finished starting ... 
\o 
\p > 
\a _treeSetOpcGUI(t)
\r t
\# Available memory:          6,212 MB at UTC 2023.06.22 08:20:18.147
\# Memory report: Maximum memory size now 6,427 MB at UTC 2023.06.22 08:20:18.148
\o 
\o *Info*    Received signal SIGTERM.
\o 
\o 
\o Loading simui.cxt 
\# Memory report: on exit            218 MB, process size 1,144 MB at UTC 2023.06.22 08:20:39.874
\# Memory report: peak usage         218 MB, process size 1,144 MB
