Starting Monte Carlo Sampling...

Current time: Thu Jun 22 15:21:00 2023 
MonteCarlo.1
Number of points completed: 10
Number of simulation errors: 1
MonteCarlo.1 completed. 
Current time: Thu Jun 22 15:21:21 2023 
Monte Carlo Sampling yield summary:
Number of spec values are in this yield data: 1
inverter:inverter:1	Nominal - 
	power:	Yield	100%
		Min 2.2579e-07	Max 2.56379e-07	Mean 2.37856e-07	Number of errors 0

inverter:inverter:1
	Overall Yield	100%	Number of points passed	74	Total number of points	74

Estimated yield = 100% (74/74), 0 errors
Estimated yield (No opregions) = 100% (74/74)
Monte Carlo Sampling yield summary:
Number of spec values are in this yield data: 1
inverter:inverter:1	Nominal - 
	power:	Yield	50%
		Min 2.3446e-07	Max 2.41386e-07	Mean 2.38577e-07	Number of errors 1

inverter:inverter:1
	Overall Yield	60%	Number of points passed	6	Total number of points	10

Estimated yield = 60% (6/10), 1 errors
Estimated yield (No opregions) = 60% (6/10)
